#
# There is insufficient memory for the Java Runtime Environment to continue.
# Native memory allocation (mmap) failed to map 121634816 bytes. Error detail: G1 virtual space
# Possible reasons:
#   The system is out of physical RAM or swap space
#   This process is running with CompressedOops enabled, and the Java Heap may be blocking the growth of the native heap
# Possible solutions:
#   Reduce memory load on the system
#   Increase physical memory or swap space
#   Check if swap backing store is full
#   Decrease Java heap size (-Xmx/-Xms)
#   Decrease number of Java threads
#   Decrease Java thread stack sizes (-Xss)
#   Set larger code cache with -XX:ReservedCodeCacheSize=
#   JVM is running with Unscaled Compressed Oops mode in which the Java heap is
#     placed in the first 4GB address space. The Java Heap base address is the
#     maximum limit for the native heap growth. Please use -XX:HeapBaseMinAddress
#     to set the Java Heap base and to place the Java Heap above 4GB virtual address.
# This output file may be truncated or incomplete.
#
#  Out of Memory Error (os_windows.cpp:3554), pid=30692, tid=31108
#
# JRE version:  (25.0.2+10) (build )
# Java VM: OpenJDK 64-Bit Server VM (25.0.2+10-LTS, mixed mode, sharing, tiered, compressed oops, compressed class ptrs, g1 gc, windows-amd64)
# No core dump will be written. Minidumps are not enabled by default on client versions of Windows
#

---------------  S U M M A R Y ------------

Command Line: CRUDSQL.CRUDSQL

Host: AMD Ryzen 5 7520U with Radeon Graphics         , 8 cores, 7G,  Windows 11 , 64 bit Build 26100 (10.0.26100.8328)
Time: Tue Jun  9 03:50:52 2026 Hora est嫕dar central (M憖ico) elapsed time: 1.178524 seconds (0d 0h 0m 1s)

---------------  T H R E A D  ---------------

Current thread (0x0000020f8afefa40):  JavaThread "Unknown thread" [_thread_in_vm, id=31108, stack(0x0000008351400000,0x0000008351500000) (1024K)]

Stack: [0x0000008351400000,0x0000008351500000]
Native frames: (J=compiled Java code, j=interpreted, Vv=VM code, C=native code)
V  [jvm.dll+0x7a8bc9]  (no source info available)
V  [jvm.dll+0x77310d]  (no source info available)
V  [jvm.dll+0x9f55f3]  (no source info available)
V  [jvm.dll+0x9f7be1]  (no source info available)
V  [jvm.dll+0x9f82f3]  (no source info available)
V  [jvm.dll+0x2fce26]  (no source info available)
V  [jvm.dll+0x7a4df5]  (no source info available)
V  [jvm.dll+0x798257]  (no source info available)
V  [jvm.dll+0x3f5248]  (no source info available)
V  [jvm.dll+0x3fd1b6]  (no source info available)
V  [jvm.dll+0x3e991e]  (no source info available)
V  [jvm.dll+0x3e9bd8]  (no source info available)
V  [jvm.dll+0x3c0c05]  (no source info available)
V  [jvm.dll+0x3c188e]  (no source info available)
V  [jvm.dll+0x9bc474]  (no source info available)
V  [jvm.dll+0x459e72]  (no source info available)
V  [jvm.dll+0x9a02a2]  (no source info available)
V  [jvm.dll+0x4fa5c1]  (no source info available)
V  [jvm.dll+0x4fbeb1]  (no source info available)
C  [jli.dll+0x53fa]  (no source info available)
C  [ucrtbase.dll+0x37b0]  (no source info available)
C  [KERNEL32.DLL+0x2e957]  (no source info available)
C  [ntdll.dll+0x427c]  (no source info available)

Lock stack of current Java thread (top to bottom):


---------------  P R O C E S S  ---------------

Threads class SMR info:
_java_thread_list=0x00007fffe445e008, length=0, elements={
}

Java Threads: ( => current thread )
Total: 0

Other Threads:
  0x0000020f8d431530 WorkerThread "GC Thread#0"                     [id=152, stack(0x0000008351500000,0x0000008351600000) (1024K)]
  0x0000020f8d44a5b0 ConcurrentGCThread "G1 Main Marker"            [id=2952, stack(0x0000008351600000,0x0000008351700000) (1024K)]
  0x0000020f8d44d7f0 WorkerThread "G1 Conc#0"                       [id=15736, stack(0x0000008351700000,0x0000008351800000) (1024K)]

[error occurred during error reporting (printing all threads), id 0xc0000005, EXCEPTION_ACCESS_VIOLATION (0xc0000005) at pc=0x00007fffe3a8591a]
VM state: not at safepoint (not fully initialized)

VM Mutex/Monitor currently owned by a thread:  ([mutex/lock_event])
[0x00007fffe44e6548] Heap_lock - owner thread: 0x0000020f8afefa40

Heap address: 0x000000008c200000, size: 1854 MB, Compressed Oops mode: 32-bit

CDS archive(s) mapped at: [0x0000000000000000-0x0000000000000000-0x0000000000000000), size 0, SharedBaseAddress: 0x0000000800000000, ArchiveRelocationMode: 1.
UseCompressedClassPointers 1, UseCompactObjectHeaders 0
Narrow klass pointer bits 32, Max shift 3
Narrow klass base: 0xffffffffffffffff, Narrow klass shift: -1
Encoding Range: [0xffffffffffffffff - 0x000000007fffffff), (2147483648 bytes)
Klass Range:    [0x0000000000000000 - 0x0000000000000000), (0 bytes)
Klass ID Range:  [4294967295 - 0) (1)
No protection zone.

GC Precious Log:
 CardTable entry size: 512
 Card Set container configuration: InlinePtr #cards 5 size 8 Array Of Cards #cards 10 size 36 Howl #buckets 4 coarsen threshold 1843 Howl Bitmap #cards 512 size 80 coarsen threshold 460 Card regions per heap region 1 cards per card region 2048

Heap:
 garbage-first heap   total reserved 1898496K, committed 0K, used 0K [0x000000008c200000, 0x0000000100000000)
  region size 1024K, 0 young (0K), 0 survivors (0K)

Heap Regions: E=young(eden), S=young(survivor), O=old, HS=humongous(starts), HC=humongous(continues), CS=collection set, F=free, TAMS=top-at-mark-start, PB=parsable bottom

Card table byte_map: [0x0000020fa55b0000,0x0000020fa5950000] _byte_map_base: 0x0000020fa514f000

Marking Bits: (CMBitMap*) 0x0000020f8d431cc0
 Bits: [0x0000020fa5950000, 0x0000020fa7648000)

GC Heap Usage History (0 events):
No events

Metaspace Usage History (0 events):
No events

Dll operation events (1 events):
Event: 0.015 Loaded shared library C:\Program Files\Apache NetBeans\jdk\bin\java.dll

Deoptimization events (0 events):
No events

Classes loaded (0 events):
No events

Classes unloaded (0 events):
No events

Classes redefined (0 events):
No events

Internal exceptions (0 events):
No events

VM Operations (0 events):
No events

Memory protections (0 events):
No events

Nmethod flushes (0 events):
No events

Events (0 events):
No events


Dynamic libraries:
0x00007ff6d1040000 - 0x00007ff6d104e000 	C:\Program Files\Apache NetBeans\jdk\bin\java.exe
0x00007ff8d5760000 - 0x00007ff8d59c7000 	C:\WINDOWS\SYSTEM32\ntdll.dll
0x00007ff8d4830000 - 0x00007ff8d48f9000 	C:\WINDOWS\System32\KERNEL32.DLL
0x00007ff8d2db0000 - 0x00007ff8d31a7000 	C:\WINDOWS\System32\KERNELBASE.dll
0x00007ff8d31b0000 - 0x00007ff8d32fb000 	C:\WINDOWS\System32\ucrtbase.dll
0x00007ff8ba2c0000 - 0x00007ff8ba2de000 	C:\Program Files\Apache NetBeans\jdk\bin\VCRUNTIME140.dll
0x00007ff89c320000 - 0x00007ff89c336000 	C:\Program Files\Apache NetBeans\jdk\bin\jli.dll
0x00007ff8d4a10000 - 0x00007ff8d4bd6000 	C:\WINDOWS\System32\USER32.dll
0x00007ff8d2510000 - 0x00007ff8d2537000 	C:\WINDOWS\System32\win32u.dll
0x00007ff8b8350000 - 0x00007ff8b85e2000 	C:\WINDOWS\WinSxS\amd64_microsoft.windows.common-controls_6595b64144ccf1df_6.0.26100.8457_none_3e0b2faee331e92d\COMCTL32.dll
0x00007ff8d3d40000 - 0x00007ff8d3d6b000 	C:\WINDOWS\System32\GDI32.dll
0x00007ff8d3570000 - 0x00007ff8d3619000 	C:\WINDOWS\System32\msvcrt.dll
0x00007ff8d33b0000 - 0x00007ff8d34dc000 	C:\WINDOWS\System32\gdi32full.dll
0x00007ff8d2250000 - 0x00007ff8d22f3000 	C:\WINDOWS\System32\msvcp_win.dll
0x00007ff8d47f0000 - 0x00007ff8d4822000 	C:\WINDOWS\System32\IMM32.DLL
0x00007ff8cb470000 - 0x00007ff8cb47c000 	C:\Program Files\Apache NetBeans\jdk\bin\vcruntime140_1.dll
0x00007ff87a3f0000 - 0x00007ff87a47d000 	C:\Program Files\Apache NetBeans\jdk\bin\msvcp140.dll
0x00007fffe36b0000 - 0x00007fffe45d6000 	C:\Program Files\Apache NetBeans\jdk\bin\server\jvm.dll
0x00007ff8d44c0000 - 0x00007ff8d4576000 	C:\WINDOWS\System32\ADVAPI32.dll
0x00007ff8d54e0000 - 0x00007ff8d5587000 	C:\WINDOWS\System32\sechost.dll
0x00007ff8d3c20000 - 0x00007ff8d3d38000 	C:\WINDOWS\System32\RPCRT4.dll
0x00007ff8d5450000 - 0x00007ff8d54d0000 	C:\WINDOWS\System32\WS2_32.dll
0x00007ff8d1ff0000 - 0x00007ff8d204e000 	C:\WINDOWS\SYSTEM32\POWRPROF.dll
0x00007ff8c8800000 - 0x00007ff8c8836000 	C:\WINDOWS\SYSTEM32\WINMM.dll
0x00007ff8c3900000 - 0x00007ff8c390b000 	C:\WINDOWS\SYSTEM32\VERSION.dll
0x00007ff8d1fd0000 - 0x00007ff8d1fe4000 	C:\WINDOWS\SYSTEM32\UMPDC.dll
0x00007ff8d0f20000 - 0x00007ff8d0f3b000 	C:\WINDOWS\SYSTEM32\kernel.appcore.dll
0x00007ff8cb190000 - 0x00007ff8cb19a000 	C:\Program Files\Apache NetBeans\jdk\bin\jimage.dll
0x00007ff8c3f50000 - 0x00007ff8c4192000 	C:\WINDOWS\SYSTEM32\DBGHELP.DLL
0x00007ff8d3650000 - 0x00007ff8d39d3000 	C:\WINDOWS\System32\combase.dll
0x00007ff8d4710000 - 0x00007ff8d47e9000 	C:\WINDOWS\System32\OLEAUT32.dll
0x00007ff8b56f0000 - 0x00007ff8b572b000 	C:\WINDOWS\SYSTEM32\dbgcore.DLL
0x00007ff8d3300000 - 0x00007ff8d33a8000 	C:\WINDOWS\System32\bcryptPrimitives.dll
0x00007ff8a49e0000 - 0x00007ff8a49fe000 	C:\Program Files\Apache NetBeans\jdk\bin\java.dll
0x00007ff8d4320000 - 0x00007ff8d44b7000 	C:\WINDOWS\System32\ole32.dll
0x00007ff8d4be0000 - 0x00007ff8d534e000 	C:\WINDOWS\System32\SHELL32.dll

JVMTI agents: none

dbghelp: loaded successfully - version: 4.0.5 - missing functions: none
symbol engine: initialized successfully - sym options: 0x614 - pdb path: .;C:\Program Files\Apache NetBeans\jdk\bin;C:\WINDOWS\SYSTEM32;C:\WINDOWS\WinSxS\amd64_microsoft.windows.common-controls_6595b64144ccf1df_6.0.26100.8457_none_3e0b2faee331e92d;C:\Program Files\Apache NetBeans\jdk\bin\server

VM Arguments:
java_command: CRUDSQL.CRUDSQL
java_class_path (initial): C:\Users\mario\Desktop\EXAMEN\CRUDROBLOX\target\classes;C:\Users\mario\.m2\repository\com\mysql\mysql-connector-j\9.7.0\mysql-connector-j-9.7.0.jar;C:\Users\mario\.m2\repository\com\google\protobuf\protobuf-java\4.31.1\protobuf-java-4.31.1.jar
Launcher Type: SUN_STANDARD

[Global flags]
     intx CICompilerCount                          = 4                                         {product} {ergonomic}
     uint ConcGCThreads                            = 2                                         {product} {ergonomic}
     uint G1ConcRefinementThreads                  = 8                                         {product} {ergonomic}
   size_t G1HeapRegionSize                         = 1048576                                   {product} {ergonomic}
   size_t InitialHeapSize                          = 121634816                                 {product} {ergonomic}
   size_t MarkStackSize                            = 4194304                                   {product} {ergonomic}
   size_t MarkStackSizeMax                         = 536870912                                 {product} {ergonomic}
   size_t MaxHeapSize                              = 1944059904                                {product} {ergonomic}
   size_t MinHeapDeltaBytes                        = 1048576                                   {product} {ergonomic}
   size_t MinHeapSize                              = 8388608                                   {product} {ergonomic}
    uintx NonNMethodCodeHeapSize                   = 5832704                                {pd product} {ergonomic}
    uintx NonProfiledCodeHeapSize                  = 122945536                              {pd product} {ergonomic}
    uintx ProfiledCodeHeapSize                     = 122880000                              {pd product} {ergonomic}
    uintx ReservedCodeCacheSize                    = 251658240                              {pd product} {ergonomic}
     bool SegmentedCodeCache                       = true                                      {product} {ergonomic}
   size_t SoftMaxHeapSize                          = 1944059904                             {manageable} {ergonomic}
     bool UseCompressedOops                        = true                           {product lp64_product} {ergonomic}
     bool UseG1GC                                  = true                                      {product} {ergonomic}
     bool UseLargePagesIndividualAllocation        = false                                  {pd product} {ergonomic}

Logging:
Log output configuration:
 #0: stdout all=warning uptime,level,tags foldmultilines=false
 #1: stderr all=off uptime,level,tags foldmultilines=false

Release file:
<release file has not been read>
Environment Variables:
JAVA_HOME=C:\Program Files\Apache NetBeans\jdk
PATH=C:\Program Files\Common Files\Oracle\Java\javapath;C:\windows\system32;C:\windows;C:\windows\System32\Wbem;C:\windows\System32\WindowsPowerShell\v1.0\;C:\windows\System32\OpenSSH\;C:\Program Files\platform-tools;C:\Program Files\MiKTeX\miktex\bin\x64\;C:\WINDOWS\system32;C:\WINDOWS;C:\WINDOWS\System32\Wbem;C:\WINDOWS\System32\WindowsPowerShell\v1.0\;C:\WINDOWS\System32\OpenSSH\;C:\Program Files\Git\cmd;C:\Program Files\MySQL\MySQL Shell 8.0\bin\;C:\Users\mario\AppData\Local\Microsoft\WindowsApps;C:\Users\mario\AppData\Local\Programs\MiKTeX\miktex\bin\x64\;C:\Users\mario\AppData\Local\Python\bin;C:\Program Files\Apache NetBeans\bin\
USERNAME=mario
OS=Windows_NT
PROCESSOR_IDENTIFIER=AMD64 Family 23 Model 160 Stepping 0, AuthenticAMD
TMP=C:\Users\mario\AppData\Local\Temp
TEMP=C:\Users\mario\AppData\Local\Temp




Compilation memory statistics disabled.

Periodic native trim disabled

---------------  S Y S T E M  ---------------

OS:
 Windows 11 , 64 bit Build 26100 (10.0.26100.8328)
OS uptime: 24 days 7:51 hours
Hyper-V role detected

CPU: total 8 (initial active 8) (8 cores per cpu, 2 threads per core) family 23 model 160 stepping 0 microcode 0x8a0000b, cx8, cmov, fxsr, ht, mmx, 3dnowpref, sse, sse2, sse3, ssse3, sse4a, sse4.1, sse4.2, popcnt, lzcnt, tsc, tscinvbit, avx, avx2, aes, clmul, bmi1, bmi2, adx, sha, fma, vzeroupper, clflush, clflushopt, clwb, hv, rdtscp, rdpid, f16c
Processor Information for the first 8 processors :
  Max Mhz: 2801, Current Mhz: 2801, Mhz Limit: 2801

Memory: 4k page, system-wide physical 7412M (497M free)
TotalPageFile size 29940M (AvailPageFile size 31M)
current process WorkingSet (physical memory assigned to process): 13M, peak: 13M
current process commit charge ("private bytes"): 60M, peak: 176M

vm_info: OpenJDK 64-Bit Server VM (25.0.2+10-LTS) for windows-amd64 JRE (25.0.2+10-LTS), built on 2026-01-20T00:00:00Z with MS VC++ 17.12 (VS2022)

END.
