#
# There is insufficient memory for the Java Runtime Environment to continue.
# Native memory allocation (malloc) failed to allocate 1103256 bytes. Error detail: Chunk::new
# Possible reasons:
#   The system is out of physical RAM or swap space
#   This process is running with CompressedOops enabled, and the Java Heap may be blocking the growth of the native heap
# Possible solutions:
#   Reduce memory load on the system
#   Increase physical memory or swap space
#   Check if swap backing store is full
#   Decrease Java heap size (-Xmx/-Xms)
#   Decrease number of Java threads
#   Decrease Java thread stack sizes (-Xss)
#   Set larger code cache with -XX:ReservedCodeCacheSize=
#   JVM is running with Unscaled Compressed Oops mode in which the Java heap is
#     placed in the first 4GB address space. The Java Heap base address is the
#     maximum limit for the native heap growth. Please use -XX:HeapBaseMinAddress
#     to set the Java Heap base and to place the Java Heap above 4GB virtual address.
# This output file may be truncated or incomplete.
#
#  Out of Memory Error (arena.cpp:186), pid=33608, tid=20572
#
# JRE version: OpenJDK Runtime Environment Temurin-25.0.2+10 (25.0.2+10) (build 25.0.2+10-LTS)
# Java VM: OpenJDK 64-Bit Server VM Temurin-25.0.2+10 (25.0.2+10-LTS, mixed mode, tiered, compressed oops, compressed class ptrs, g1 gc, windows-amd64)
# No core dump will be written. Minidumps are not enabled by default on client versions of Windows
#

---------------  S U M M A R Y ------------

Command Line: --enable-native-access=ALL-UNNAMED -Dclassworlds.conf=C:\Program Files\Apache NetBeans\java\maven\bin\m2.conf -Dmaven.home=C:\Program Files\Apache NetBeans\java\maven -Dlibrary.jansi.path=C:\Program Files\Apache NetBeans\java\maven\lib\jansi-native -Dmaven.multiModuleProjectDirectory=C:\Users\mario\Desktop\EXAMEN\CRUDROBLOX org.codehaus.plexus.classworlds.launcher.Launcher -Dexec.vmArgs= -Dexec.args=${exec.vmArgs} -classpath %classpath ${exec.mainClass} ${exec.appArgs} -Dexec.appArgs= -Dexec.mainClass=CRUDSQL.CRUDSQL -Dexec.executable=C:\Program Files\Apache NetBeans\jdk\bin\java.exe -Dmaven.ext.class.path=C:\Program Files\Apache NetBeans\java\maven-nblib\netbeans-eventspy.jar --no-transfer-progress process-classes org.codehaus.mojo:exec-maven-plugin:3.5.1:exec

Host: AMD Ryzen 5 7520U with Radeon Graphics         , 8 cores, 7G,  Windows 11 , 64 bit Build 26100 (10.0.26100.8328)
Time: Tue Jun  9 03:52:06 2026 Hora est嫕dar central (M憖ico) elapsed time: 4.630399 seconds (0d 0h 0m 4s)

---------------  T H R E A D  ---------------

Current thread (0x0000016afad3f560):  JavaThread "C2 CompilerThread0" daemon [_thread_in_native, id=20572, stack(0x00000063ad900000,0x00000063ada00000) (1024K)]


Current CompileTask:
C2:4630 1165 % !   4       java.util.concurrent.ConcurrentHashMap::transfer @ 96 (849 bytes)

Stack: [0x00000063ad900000,0x00000063ada00000]
Native frames: (J=compiled Java code, j=interpreted, Vv=VM code, C=native code)
V  [jvm.dll+0x7a8bc9]  (no source info available)
V  [jvm.dll+0x77310d]  (no source info available)
V  [jvm.dll+0x9f55f3]  (no source info available)
V  [jvm.dll+0x9f7be1]  (no source info available)
V  [jvm.dll+0x9f82f3]  (no source info available)
V  [jvm.dll+0x2fce26]  (no source info available)
V  [jvm.dll+0x111076]  (no source info available)
V  [jvm.dll+0x11139e]  (no source info available)
V  [jvm.dll+0x19fff2]  (no source info available)
V  [jvm.dll+0x3b5f62]  (no source info available)
V  [jvm.dll+0x7ae53c]  (no source info available)
V  [jvm.dll+0x2c0407]  (no source info available)
V  [jvm.dll+0x2bf3cf]  (no source info available)
V  [jvm.dll+0x237140]  (no source info available)
V  [jvm.dll+0x2cf4c6]  (no source info available)
V  [jvm.dll+0x2cd74a]  (no source info available)
V  [jvm.dll+0x48fbee]  (no source info available)
V  [jvm.dll+0x996b0d]  (no source info available)
V  [jvm.dll+0x7a71a5]  (no source info available)
C  [ucrtbase.dll+0x37b0]  (no source info available)
C  [KERNEL32.DLL+0x2e957]  (no source info available)
C  [ntdll.dll+0x427c]  (no source info available)

Lock stack of current Java thread (top to bottom):


---------------  P R O C E S S  ---------------

Threads class SMR info:
_java_thread_list=0x0000016aff923d70, length=11, elements={
0x0000016adbf01480, 0x0000016afad29cb0, 0x0000016afad2c880, 0x0000016afad36ec0,
0x0000016afad37a80, 0x0000016afad3a650, 0x0000016afad35ab0, 0x0000016afad3f560,
0x0000016afad57a70, 0x0000016aff16a0a0, 0x0000016aff174be0
}

Java Threads: ( => current thread )
  0x0000016adbf01480 JavaThread "main"                              [_thread_in_vm, id=28608, stack(0x00000063acb00000,0x00000063acc00000) (1024K)]
  0x0000016afad29cb0 JavaThread "Reference Handler"          daemon [_thread_blocked, id=13560, stack(0x00000063ad300000,0x00000063ad400000) (1024K)]
  0x0000016afad2c880 JavaThread "Finalizer"                  daemon [_thread_blocked, id=24316, stack(0x00000063ad400000,0x00000063ad500000) (1024K)]
  0x0000016afad36ec0 JavaThread "Signal Dispatcher"          daemon [_thread_blocked, id=24772, stack(0x00000063ad500000,0x00000063ad600000) (1024K)]
  0x0000016afad37a80 JavaThread "Attach Listener"            daemon [_thread_blocked, id=19704, stack(0x00000063ad600000,0x00000063ad700000) (1024K)]
  0x0000016afad3a650 JavaThread "Service Thread"             daemon [_thread_blocked, id=23796, stack(0x00000063ad700000,0x00000063ad800000) (1024K)]
  0x0000016afad35ab0 JavaThread "Monitor Deflation Thread"   daemon [_thread_blocked, id=14456, stack(0x00000063ad800000,0x00000063ad900000) (1024K)]
=>0x0000016afad3f560 JavaThread "C2 CompilerThread0"         daemon [_thread_in_native, id=20572, stack(0x00000063ad900000,0x00000063ada00000) (1024K)]
  0x0000016afad57a70 JavaThread "C1 CompilerThread0"         daemon [_thread_blocked, id=16684, stack(0x00000063ada00000,0x00000063adb00000) (1024K)]
  0x0000016aff16a0a0 JavaThread "Notification Thread"        daemon [_thread_blocked, id=23456, stack(0x00000063adb00000,0x00000063adc00000) (1024K)]
  0x0000016aff174be0 JavaThread "Common-Cleaner"             daemon [_thread_blocked, id=27204, stack(0x00000063adc00000,0x00000063add00000) (1024K)]
Total: 11

Other Threads:
  0x0000016afacc0ad0 VMThread "VM Thread"                           [id=30280, stack(0x00000063ad200000,0x00000063ad300000) (1024K)]
  0x0000016afacae480 WatcherThread "VM Periodic Task Thread"        [id=30776, stack(0x00000063ad100000,0x00000063ad200000) (1024K)]
  0x0000016ade2e3fe0 WorkerThread "GC Thread#0"                     [id=25952, stack(0x00000063acc00000,0x00000063acd00000) (1024K)]
  0x0000016ade319160 ConcurrentGCThread "G1 Main Marker"            [id=12172, stack(0x00000063acd00000,0x00000063ace00000) (1024K)]
  0x0000016ade319d00 WorkerThread "G1 Conc#0"                       [id=34068, stack(0x00000063ace00000,0x00000063acf00000) (1024K)]
  0x0000016afab83a90 ConcurrentGCThread "G1 Refine#0"               [id=12544, stack(0x00000063acf00000,0x00000063ad000000) (1024K)]
  0x0000016afab85360 ConcurrentGCThread "G1 Service"                [id=25232, stack(0x00000063ad000000,0x00000063ad100000) (1024K)]
Total: 7

Threads with active compile tasks:
C2 CompilerThread0  4774 1165 % !   4       java.util.concurrent.ConcurrentHashMap::transfer @ 96 (849 bytes)
Total: 1

VM state: not at safepoint (normal execution)

VM Mutex/Monitor currently owned by a thread:  ([mutex/lock_event])
[0x00007fffe44e41c8] Metaspace_lock - owner thread: 0x0000016adbf01480

Heap address: 0x000000008c200000, size: 1854 MB, Compressed Oops mode: 32-bit

CDS archive(s) not mapped
Compressed class space mapped at: 0x000000002d000000-0x000000006d000000, reserved size: 1073741824
UseCompressedClassPointers 1, UseCompactObjectHeaders 0
Narrow klass pointer bits 32, Max shift 3
Narrow klass base: 0x0000000000000000, Narrow klass shift: 0
Encoding Range: [0x0000000000000000 - 0x0000000100000000), (4294967296 bytes)
Klass Range:    [0x000000002d000000 - 0x000000006d000000), (1073741824 bytes)
Klass ID Range:  [754974720 - 1828716537) (1073741817)
No protection zone.

GC Precious Log:
 CardTable entry size: 512
 Card Set container configuration: InlinePtr #cards 5 size 8 Array Of Cards #cards 10 size 36 Howl #buckets 4 coarsen threshold 1843 Howl Bitmap #cards 512 size 80 coarsen threshold 460 Card regions per heap region 1 cards per card region 2048
 CPUs: 8 total, 8 available
 Memory: 7412M
 Large Page Support: Disabled
 NUMA Support: Disabled
 Compressed Oops: Enabled (32-bit)
 Heap Region Size: 1M
 Heap Min Capacity: 8M
 Heap Initial Capacity: 116M
 Heap Max Capacity: 1854M
 Pre-touch: Disabled
 Parallel Workers: 8
 Concurrent Workers: 2
 Concurrent Refinement Workers: 8
 Periodic GC: Disabled

Heap:
 garbage-first heap   total reserved 1898496K, committed 118784K, used 18432K [0x000000008c200000, 0x0000000100000000)
  region size 1024K, 19 young (19456K), 0 survivors (0K)

Heap Regions: E=young(eden), S=young(survivor), O=old, HS=humongous(starts), HC=humongous(continues), CS=collection set, F=free, TAMS=top-at-mark-start, PB=parsable bottom
|   0|0x000000008c200000, 0x000000008c200000, 0x000000008c300000|  0%| F|  |TAMS 0x000000008c200000| PB 0x000000008c200000| Untracked |  0
|   1|0x000000008c300000, 0x000000008c300000, 0x000000008c400000|  0%| F|  |TAMS 0x000000008c300000| PB 0x000000008c300000| Untracked |  0
|   2|0x000000008c400000, 0x000000008c400000, 0x000000008c500000|  0%| F|  |TAMS 0x000000008c400000| PB 0x000000008c400000| Untracked |  0
|   3|0x000000008c500000, 0x000000008c500000, 0x000000008c600000|  0%| F|  |TAMS 0x000000008c500000| PB 0x000000008c500000| Untracked |  0
|   4|0x000000008c600000, 0x000000008c600000, 0x000000008c700000|  0%| F|  |TAMS 0x000000008c600000| PB 0x000000008c600000| Untracked |  0
|   5|0x000000008c700000, 0x000000008c700000, 0x000000008c800000|  0%| F|  |TAMS 0x000000008c700000| PB 0x000000008c700000| Untracked |  0
|   6|0x000000008c800000, 0x000000008c800000, 0x000000008c900000|  0%| F|  |TAMS 0x000000008c800000| PB 0x000000008c800000| Untracked |  0
|   7|0x000000008c900000, 0x000000008c900000, 0x000000008ca00000|  0%| F|  |TAMS 0x000000008c900000| PB 0x000000008c900000| Untracked |  0
|   8|0x000000008ca00000, 0x000000008ca00000, 0x000000008cb00000|  0%| F|  |TAMS 0x000000008ca00000| PB 0x000000008ca00000| Untracked |  0
|   9|0x000000008cb00000, 0x000000008cb00000, 0x000000008cc00000|  0%| F|  |TAMS 0x000000008cb00000| PB 0x000000008cb00000| Untracked |  0
|  10|0x000000008cc00000, 0x000000008cc00000, 0x000000008cd00000|  0%| F|  |TAMS 0x000000008cc00000| PB 0x000000008cc00000| Untracked |  0
|  11|0x000000008cd00000, 0x000000008cd00000, 0x000000008ce00000|  0%| F|  |TAMS 0x000000008cd00000| PB 0x000000008cd00000| Untracked |  0
|  12|0x000000008ce00000, 0x000000008ce00000, 0x000000008cf00000|  0%| F|  |TAMS 0x000000008ce00000| PB 0x000000008ce00000| Untracked |  0
|  13|0x000000008cf00000, 0x000000008cf00000, 0x000000008d000000|  0%| F|  |TAMS 0x000000008cf00000| PB 0x000000008cf00000| Untracked |  0
|  14|0x000000008d000000, 0x000000008d000000, 0x000000008d100000|  0%| F|  |TAMS 0x000000008d000000| PB 0x000000008d000000| Untracked |  0
|  15|0x000000008d100000, 0x000000008d100000, 0x000000008d200000|  0%| F|  |TAMS 0x000000008d100000| PB 0x000000008d100000| Untracked |  0
|  16|0x000000008d200000, 0x000000008d200000, 0x000000008d300000|  0%| F|  |TAMS 0x000000008d200000| PB 0x000000008d200000| Untracked |  0
|  17|0x000000008d300000, 0x000000008d300000, 0x000000008d400000|  0%| F|  |TAMS 0x000000008d300000| PB 0x000000008d300000| Untracked |  0
|  18|0x000000008d400000, 0x000000008d400000, 0x000000008d500000|  0%| F|  |TAMS 0x000000008d400000| PB 0x000000008d400000| Untracked |  0
|  19|0x000000008d500000, 0x000000008d500000, 0x000000008d600000|  0%| F|  |TAMS 0x000000008d500000| PB 0x000000008d500000| Untracked |  0
|  20|0x000000008d600000, 0x000000008d600000, 0x000000008d700000|  0%| F|  |TAMS 0x000000008d600000| PB 0x000000008d600000| Untracked |  0
|  21|0x000000008d700000, 0x000000008d700000, 0x000000008d800000|  0%| F|  |TAMS 0x000000008d700000| PB 0x000000008d700000| Untracked |  0
|  22|0x000000008d800000, 0x000000008d800000, 0x000000008d900000|  0%| F|  |TAMS 0x000000008d800000| PB 0x000000008d800000| Untracked |  0
|  23|0x000000008d900000, 0x000000008d900000, 0x000000008da00000|  0%| F|  |TAMS 0x000000008d900000| PB 0x000000008d900000| Untracked |  0
|  24|0x000000008da00000, 0x000000008da00000, 0x000000008db00000|  0%| F|  |TAMS 0x000000008da00000| PB 0x000000008da00000| Untracked |  0
|  25|0x000000008db00000, 0x000000008db00000, 0x000000008dc00000|  0%| F|  |TAMS 0x000000008db00000| PB 0x000000008db00000| Untracked |  0
|  26|0x000000008dc00000, 0x000000008dc00000, 0x000000008dd00000|  0%| F|  |TAMS 0x000000008dc00000| PB 0x000000008dc00000| Untracked |  0
|  27|0x000000008dd00000, 0x000000008dd00000, 0x000000008de00000|  0%| F|  |TAMS 0x000000008dd00000| PB 0x000000008dd00000| Untracked |  0
|  28|0x000000008de00000, 0x000000008de00000, 0x000000008df00000|  0%| F|  |TAMS 0x000000008de00000| PB 0x000000008de00000| Untracked |  0
|  29|0x000000008df00000, 0x000000008df00000, 0x000000008e000000|  0%| F|  |TAMS 0x000000008df00000| PB 0x000000008df00000| Untracked |  0
|  30|0x000000008e000000, 0x000000008e000000, 0x000000008e100000|  0%| F|  |TAMS 0x000000008e000000| PB 0x000000008e000000| Untracked |  0
|  31|0x000000008e100000, 0x000000008e100000, 0x000000008e200000|  0%| F|  |TAMS 0x000000008e100000| PB 0x000000008e100000| Untracked |  0
|  32|0x000000008e200000, 0x000000008e200000, 0x000000008e300000|  0%| F|  |TAMS 0x000000008e200000| PB 0x000000008e200000| Untracked |  0
|  33|0x000000008e300000, 0x000000008e300000, 0x000000008e400000|  0%| F|  |TAMS 0x000000008e300000| PB 0x000000008e300000| Untracked |  0
|  34|0x000000008e400000, 0x000000008e400000, 0x000000008e500000|  0%| F|  |TAMS 0x000000008e400000| PB 0x000000008e400000| Untracked |  0
|  35|0x000000008e500000, 0x000000008e500000, 0x000000008e600000|  0%| F|  |TAMS 0x000000008e500000| PB 0x000000008e500000| Untracked |  0
|  36|0x000000008e600000, 0x000000008e600000, 0x000000008e700000|  0%| F|  |TAMS 0x000000008e600000| PB 0x000000008e600000| Untracked |  0
|  37|0x000000008e700000, 0x000000008e700000, 0x000000008e800000|  0%| F|  |TAMS 0x000000008e700000| PB 0x000000008e700000| Untracked |  0
|  38|0x000000008e800000, 0x000000008e800000, 0x000000008e900000|  0%| F|  |TAMS 0x000000008e800000| PB 0x000000008e800000| Untracked |  0
|  39|0x000000008e900000, 0x000000008e900000, 0x000000008ea00000|  0%| F|  |TAMS 0x000000008e900000| PB 0x000000008e900000| Untracked |  0
|  40|0x000000008ea00000, 0x000000008ea00000, 0x000000008eb00000|  0%| F|  |TAMS 0x000000008ea00000| PB 0x000000008ea00000| Untracked |  0
|  41|0x000000008eb00000, 0x000000008eb00000, 0x000000008ec00000|  0%| F|  |TAMS 0x000000008eb00000| PB 0x000000008eb00000| Untracked |  0
|  42|0x000000008ec00000, 0x000000008ec00000, 0x000000008ed00000|  0%| F|  |TAMS 0x000000008ec00000| PB 0x000000008ec00000| Untracked |  0
|  43|0x000000008ed00000, 0x000000008ed00000, 0x000000008ee00000|  0%| F|  |TAMS 0x000000008ed00000| PB 0x000000008ed00000| Untracked |  0
|  44|0x000000008ee00000, 0x000000008ee00000, 0x000000008ef00000|  0%| F|  |TAMS 0x000000008ee00000| PB 0x000000008ee00000| Untracked |  0
|  45|0x000000008ef00000, 0x000000008ef00000, 0x000000008f000000|  0%| F|  |TAMS 0x000000008ef00000| PB 0x000000008ef00000| Untracked |  0
|  46|0x000000008f000000, 0x000000008f000000, 0x000000008f100000|  0%| F|  |TAMS 0x000000008f000000| PB 0x000000008f000000| Untracked |  0
|  47|0x000000008f100000, 0x000000008f100000, 0x000000008f200000|  0%| F|  |TAMS 0x000000008f100000| PB 0x000000008f100000| Untracked |  0
|  48|0x000000008f200000, 0x000000008f200000, 0x000000008f300000|  0%| F|  |TAMS 0x000000008f200000| PB 0x000000008f200000| Untracked |  0
|  49|0x000000008f300000, 0x000000008f300000, 0x000000008f400000|  0%| F|  |TAMS 0x000000008f300000| PB 0x000000008f300000| Untracked |  0
|  50|0x000000008f400000, 0x000000008f400000, 0x000000008f500000|  0%| F|  |TAMS 0x000000008f400000| PB 0x000000008f400000| Untracked |  0
|  51|0x000000008f500000, 0x000000008f500000, 0x000000008f600000|  0%| F|  |TAMS 0x000000008f500000| PB 0x000000008f500000| Untracked |  0
|  52|0x000000008f600000, 0x000000008f600000, 0x000000008f700000|  0%| F|  |TAMS 0x000000008f600000| PB 0x000000008f600000| Untracked |  0
|  53|0x000000008f700000, 0x000000008f700000, 0x000000008f800000|  0%| F|  |TAMS 0x000000008f700000| PB 0x000000008f700000| Untracked |  0
|  54|0x000000008f800000, 0x000000008f800000, 0x000000008f900000|  0%| F|  |TAMS 0x000000008f800000| PB 0x000000008f800000| Untracked |  0
|  55|0x000000008f900000, 0x000000008f900000, 0x000000008fa00000|  0%| F|  |TAMS 0x000000008f900000| PB 0x000000008f900000| Untracked |  0
|  56|0x000000008fa00000, 0x000000008fa00000, 0x000000008fb00000|  0%| F|  |TAMS 0x000000008fa00000| PB 0x000000008fa00000| Untracked |  0
|  57|0x000000008fb00000, 0x000000008fb00000, 0x000000008fc00000|  0%| F|  |TAMS 0x000000008fb00000| PB 0x000000008fb00000| Untracked |  0
|  58|0x000000008fc00000, 0x000000008fc00000, 0x000000008fd00000|  0%| F|  |TAMS 0x000000008fc00000| PB 0x000000008fc00000| Untracked |  0
|  59|0x000000008fd00000, 0x000000008fd00000, 0x000000008fe00000|  0%| F|  |TAMS 0x000000008fd00000| PB 0x000000008fd00000| Untracked |  0
|  60|0x000000008fe00000, 0x000000008fe00000, 0x000000008ff00000|  0%| F|  |TAMS 0x000000008fe00000| PB 0x000000008fe00000| Untracked |  0
|  61|0x000000008ff00000, 0x000000008ff00000, 0x0000000090000000|  0%| F|  |TAMS 0x000000008ff00000| PB 0x000000008ff00000| Untracked |  0
|  62|0x0000000090000000, 0x0000000090000000, 0x0000000090100000|  0%| F|  |TAMS 0x0000000090000000| PB 0x0000000090000000| Untracked |  0
|  63|0x0000000090100000, 0x0000000090100000, 0x0000000090200000|  0%| F|  |TAMS 0x0000000090100000| PB 0x0000000090100000| Untracked |  0
|  64|0x0000000090200000, 0x0000000090200000, 0x0000000090300000|  0%| F|  |TAMS 0x0000000090200000| PB 0x0000000090200000| Untracked |  0
|  65|0x0000000090300000, 0x0000000090300000, 0x0000000090400000|  0%| F|  |TAMS 0x0000000090300000| PB 0x0000000090300000| Untracked |  0
|  66|0x0000000090400000, 0x0000000090400000, 0x0000000090500000|  0%| F|  |TAMS 0x0000000090400000| PB 0x0000000090400000| Untracked |  0
|  67|0x0000000090500000, 0x0000000090500000, 0x0000000090600000|  0%| F|  |TAMS 0x0000000090500000| PB 0x0000000090500000| Untracked |  0
|  68|0x0000000090600000, 0x0000000090600000, 0x0000000090700000|  0%| F|  |TAMS 0x0000000090600000| PB 0x0000000090600000| Untracked |  0
|  69|0x0000000090700000, 0x0000000090700000, 0x0000000090800000|  0%| F|  |TAMS 0x0000000090700000| PB 0x0000000090700000| Untracked |  0
|  70|0x0000000090800000, 0x0000000090800000, 0x0000000090900000|  0%| F|  |TAMS 0x0000000090800000| PB 0x0000000090800000| Untracked |  0
|  71|0x0000000090900000, 0x0000000090900000, 0x0000000090a00000|  0%| F|  |TAMS 0x0000000090900000| PB 0x0000000090900000| Untracked |  0
|  72|0x0000000090a00000, 0x0000000090a00000, 0x0000000090b00000|  0%| F|  |TAMS 0x0000000090a00000| PB 0x0000000090a00000| Untracked |  0
|  73|0x0000000090b00000, 0x0000000090b00000, 0x0000000090c00000|  0%| F|  |TAMS 0x0000000090b00000| PB 0x0000000090b00000| Untracked |  0
|  74|0x0000000090c00000, 0x0000000090c00000, 0x0000000090d00000|  0%| F|  |TAMS 0x0000000090c00000| PB 0x0000000090c00000| Untracked |  0
|  75|0x0000000090d00000, 0x0000000090d00000, 0x0000000090e00000|  0%| F|  |TAMS 0x0000000090d00000| PB 0x0000000090d00000| Untracked |  0
|  76|0x0000000090e00000, 0x0000000090e00000, 0x0000000090f00000|  0%| F|  |TAMS 0x0000000090e00000| PB 0x0000000090e00000| Untracked |  0
|  77|0x0000000090f00000, 0x0000000090f00000, 0x0000000091000000|  0%| F|  |TAMS 0x0000000090f00000| PB 0x0000000090f00000| Untracked |  0
|  78|0x0000000091000000, 0x0000000091000000, 0x0000000091100000|  0%| F|  |TAMS 0x0000000091000000| PB 0x0000000091000000| Untracked |  0
|  79|0x0000000091100000, 0x0000000091100000, 0x0000000091200000|  0%| F|  |TAMS 0x0000000091100000| PB 0x0000000091100000| Untracked |  0
|  80|0x0000000091200000, 0x0000000091200000, 0x0000000091300000|  0%| F|  |TAMS 0x0000000091200000| PB 0x0000000091200000| Untracked |  0
|  81|0x0000000091300000, 0x0000000091300000, 0x0000000091400000|  0%| F|  |TAMS 0x0000000091300000| PB 0x0000000091300000| Untracked |  0
|  82|0x0000000091400000, 0x0000000091400000, 0x0000000091500000|  0%| F|  |TAMS 0x0000000091400000| PB 0x0000000091400000| Untracked |  0
|  83|0x0000000091500000, 0x0000000091500000, 0x0000000091600000|  0%| F|  |TAMS 0x0000000091500000| PB 0x0000000091500000| Untracked |  0
|  84|0x0000000091600000, 0x0000000091600000, 0x0000000091700000|  0%| F|  |TAMS 0x0000000091600000| PB 0x0000000091600000| Untracked |  0
|  85|0x0000000091700000, 0x0000000091700000, 0x0000000091800000|  0%| F|  |TAMS 0x0000000091700000| PB 0x0000000091700000| Untracked |  0
|  86|0x0000000091800000, 0x0000000091800000, 0x0000000091900000|  0%| F|  |TAMS 0x0000000091800000| PB 0x0000000091800000| Untracked |  0
|  87|0x0000000091900000, 0x0000000091900000, 0x0000000091a00000|  0%| F|  |TAMS 0x0000000091900000| PB 0x0000000091900000| Untracked |  0
|  88|0x0000000091a00000, 0x0000000091a00000, 0x0000000091b00000|  0%| F|  |TAMS 0x0000000091a00000| PB 0x0000000091a00000| Untracked |  0
|  89|0x0000000091b00000, 0x0000000091b00000, 0x0000000091c00000|  0%| F|  |TAMS 0x0000000091b00000| PB 0x0000000091b00000| Untracked |  0
|  90|0x0000000091c00000, 0x0000000091c00000, 0x0000000091d00000|  0%| F|  |TAMS 0x0000000091c00000| PB 0x0000000091c00000| Untracked |  0
|  91|0x0000000091d00000, 0x0000000091d00000, 0x0000000091e00000|  0%| F|  |TAMS 0x0000000091d00000| PB 0x0000000091d00000| Untracked |  0
|  92|0x0000000091e00000, 0x0000000091e00000, 0x0000000091f00000|  0%| F|  |TAMS 0x0000000091e00000| PB 0x0000000091e00000| Untracked |  0
|  93|0x0000000091f00000, 0x0000000091f00000, 0x0000000092000000|  0%| F|  |TAMS 0x0000000091f00000| PB 0x0000000091f00000| Untracked |  0
|  94|0x0000000092000000, 0x0000000092000000, 0x0000000092100000|  0%| F|  |TAMS 0x0000000092000000| PB 0x0000000092000000| Untracked |  0
|  95|0x0000000092100000, 0x0000000092100000, 0x0000000092200000|  0%| F|  |TAMS 0x0000000092100000| PB 0x0000000092100000| Untracked |  0
|  96|0x0000000092200000, 0x0000000092200000, 0x0000000092300000|  0%| F|  |TAMS 0x0000000092200000| PB 0x0000000092200000| Untracked |  0
|  97|0x0000000092300000, 0x0000000092400000, 0x0000000092400000|100%| E|  |TAMS 0x0000000092300000| PB 0x0000000092300000| Complete |  0
|  98|0x0000000092400000, 0x0000000092500000, 0x0000000092500000|100%| E|CS|TAMS 0x0000000092400000| PB 0x0000000092400000| Complete |  0
|  99|0x0000000092500000, 0x0000000092600000, 0x0000000092600000|100%| E|CS|TAMS 0x0000000092500000| PB 0x0000000092500000| Complete |  0
| 100|0x0000000092600000, 0x0000000092700000, 0x0000000092700000|100%| E|CS|TAMS 0x0000000092600000| PB 0x0000000092600000| Complete |  0
| 101|0x0000000092700000, 0x0000000092800000, 0x0000000092800000|100%| E|CS|TAMS 0x0000000092700000| PB 0x0000000092700000| Complete |  0
| 102|0x0000000092800000, 0x0000000092900000, 0x0000000092900000|100%| E|CS|TAMS 0x0000000092800000| PB 0x0000000092800000| Complete |  0
| 103|0x0000000092900000, 0x0000000092a00000, 0x0000000092a00000|100%| E|CS|TAMS 0x0000000092900000| PB 0x0000000092900000| Complete |  0
| 104|0x0000000092a00000, 0x0000000092b00000, 0x0000000092b00000|100%| E|CS|TAMS 0x0000000092a00000| PB 0x0000000092a00000| Complete |  0
| 105|0x0000000092b00000, 0x0000000092c00000, 0x0000000092c00000|100%| E|CS|TAMS 0x0000000092b00000| PB 0x0000000092b00000| Complete |  0
| 106|0x0000000092c00000, 0x0000000092d00000, 0x0000000092d00000|100%| E|CS|TAMS 0x0000000092c00000| PB 0x0000000092c00000| Complete |  0
| 107|0x0000000092d00000, 0x0000000092e00000, 0x0000000092e00000|100%| E|CS|TAMS 0x0000000092d00000| PB 0x0000000092d00000| Complete |  0
| 108|0x0000000092e00000, 0x0000000092f00000, 0x0000000092f00000|100%| E|CS|TAMS 0x0000000092e00000| PB 0x0000000092e00000| Complete |  0
| 109|0x0000000092f00000, 0x0000000093000000, 0x0000000093000000|100%| E|CS|TAMS 0x0000000092f00000| PB 0x0000000092f00000| Complete |  0
| 110|0x0000000093000000, 0x0000000093100000, 0x0000000093100000|100%| E|CS|TAMS 0x0000000093000000| PB 0x0000000093000000| Complete |  0
| 111|0x0000000093100000, 0x0000000093200000, 0x0000000093200000|100%| E|CS|TAMS 0x0000000093100000| PB 0x0000000093100000| Complete |  0
| 112|0x0000000093200000, 0x0000000093300000, 0x0000000093300000|100%| E|CS|TAMS 0x0000000093200000| PB 0x0000000093200000| Complete |  0
| 113|0x0000000093300000, 0x0000000093400000, 0x0000000093400000|100%| E|CS|TAMS 0x0000000093300000| PB 0x0000000093300000| Complete |  0
| 114|0x0000000093400000, 0x0000000093500000, 0x0000000093500000|100%| E|CS|TAMS 0x0000000093400000| PB 0x0000000093400000| Complete |  0
| 115|0x0000000093500000, 0x0000000093600000, 0x0000000093600000|100%| E|CS|TAMS 0x0000000093500000| PB 0x0000000093500000| Complete |  0

Card table byte_map: [0x0000016af6450000,0x0000016af67f0000] _byte_map_base: 0x0000016af5fef000

Marking Bits: (CMBitMap*) 0x0000016ade2e5780
 Bits: [0x0000016af67f0000, 0x0000016af84e8000)

Polling page: 0x0000016adc330000

Metaspace:
Metaspace        used 14626K, committed 14784K, reserved 1114112K
 class space     used 1469K, committed 1536K, reserved 1048576K

Usage:
  Non-class:     12.85 MB used.
      Class:      1.43 MB used.
       Both:     14.28 MB used.

Virtual space:
  Non-class space:       64.00 MB reserved,      12.94 MB ( 20%) committed,  1 nodes.
      Class space:        1.00 GB reserved,       1.50 MB ( <1%) committed,  1 nodes.
             Both:        1.06 GB reserved,      14.44 MB (  1%) committed. 

Chunk freelists:
   Non-Class:  2.38 MB
       Class:  14.42 MB
        Both:  16.80 MB

MaxMetaspaceSize: unlimited
CompressedClassSpaceSize: 1.00 GB
Initial GC threshold: 21.00 MB
Current GC threshold: 21.00 MB
CDS: off
 - commit_granule_bytes: 65536.
 - commit_granule_words: 8192.
 - virtual_space_node_default_size: 8388608.
 - enlarge_chunks_in_place: 1.
UseCompressedClassPointers 1, UseCompactObjectHeaders 0
Narrow klass pointer bits 32, Max shift 3
Narrow klass base: 0x0000000000000000, Narrow klass shift: 0
Encoding Range: [0x0000000000000000 - 0x0000000100000000), (4294967296 bytes)
Klass Range:    [0x000000002d000000 - 0x000000006d000000), (1073741824 bytes)
Klass ID Range:  [754974720 - 1828716537) (1073741817)
No protection zone.


Internal statistics:

num_allocs_failed_limit: 0.
num_arena_births: 52.
num_arena_deaths: 0.
num_vsnodes_births: 2.
num_vsnodes_deaths: 0.
num_space_committed: 231.
num_space_uncommitted: 0.
num_chunks_returned_to_freelist: 0.
num_chunks_taken_from_freelist: 233.
num_chunk_merges: 0.
num_chunk_splits: 131.
num_chunks_enlarged: 105.
num_inconsistent_stats: 0.

CodeHeap 'non-profiled nmethods': size=120064Kb used=302Kb max_used=302Kb free=119762Kb
 bounds [0x0000016aee840000, 0x0000016aeeab0000, 0x0000016af5d80000]
CodeHeap 'profiled nmethods': size=120000Kb used=1633Kb max_used=1633Kb free=118366Kb
 bounds [0x0000016ae6d80000, 0x0000016ae6ff0000, 0x0000016aee2b0000]
CodeHeap 'non-nmethods': size=5696Kb used=1344Kb max_used=1366Kb free=4351Kb
 bounds [0x0000016aee2b0000, 0x0000016aee520000, 0x0000016aee840000]
CodeCache: size=245760Kb, used=3279Kb, max_used=3301Kb, free=242479Kb
 total_blobs=1642, nmethods=1173, adapters=372, full_count=0
Compilation: enabled, stopped_count=0, restarted_count=0

Compilation events (20 events):
Event: 3.604 Thread 0x0000016afad57a70 nmethod 1162 0x0000016ae6f13e88 code [0x0000016ae6f13f80, 0x0000016ae6f14588]
Event: 3.604 Thread 0x0000016afad57a70 1163       3       java.lang.invoke.MemberName::<init> (50 bytes)
Event: 3.604 Thread 0x0000016afad57a70 nmethod 1163 0x0000016ae6f14608 code [0x0000016ae6f14700, 0x0000016ae6f14af0]
Event: 3.614 Thread 0x0000016afad3f560 1165 % !   4       java.util.concurrent.ConcurrentHashMap::transfer @ 96 (849 bytes)
Event: 3.615 Thread 0x0000016afad57a70 1166       3       java.util.ArrayList::iterator (9 bytes)
Event: 3.616 Thread 0x0000016afad57a70 nmethod 1166 0x0000016ae6f14b08 code [0x0000016ae6f14c00, 0x0000016ae6f14ef0]
Event: 3.620 Thread 0x0000016afad57a70 1167       3       java.lang.invoke.MemberName::ensureTypeVisible (180 bytes)
Event: 3.621 Thread 0x0000016afad57a70 nmethod 1167 0x0000016ae6f14f08 code [0x0000016ae6f15000, 0x0000016ae6f174b0]
Event: 3.623 Thread 0x0000016afad57a70 1168       1       java.lang.Class::getClassLoader0 (5 bytes)
Event: 3.624 Thread 0x0000016afad57a70 nmethod 1168 0x0000016aee88b208 code [0x0000016aee88b300, 0x0000016aee88b3c8]
Event: 3.624 Thread 0x0000016afad57a70 1169       1       java.lang.reflect.Method::getDeclaringClass (5 bytes)
Event: 3.624 Thread 0x0000016afad57a70 nmethod 1169 0x0000016aee88b508 code [0x0000016aee88b600, 0x0000016aee88b6c8]
Event: 3.624 Thread 0x0000016afad57a70 1170       3       jdk.internal.misc.VM::isModuleSystemInited (13 bytes)
Event: 3.625 Thread 0x0000016afad57a70 nmethod 1170 0x0000016ae6f17508 code [0x0000016ae6f17600, 0x0000016ae6f17748]
Event: 3.626 Thread 0x0000016afad57a70 1171       3       java.lang.invoke.DirectMethodHandle::allocateInstance (16 bytes)
Event: 3.626 Thread 0x0000016afad57a70 nmethod 1171 0x0000016ae6f17808 code [0x0000016ae6f17900, 0x0000016ae6f17b58]
Event: 3.626 Thread 0x0000016afad57a70 1172       3       java.lang.invoke.DirectMethodHandle::constructorMethod (10 bytes)
Event: 3.626 Thread 0x0000016afad57a70 nmethod 1172 0x0000016ae6f17b88 code [0x0000016ae6f17c80, 0x0000016ae6f17e30]
Event: 3.626 Thread 0x0000016afad57a70 1173       3       java.lang.StringLatin1::getChar (9 bytes)
Event: 3.626 Thread 0x0000016afad57a70 nmethod 1173 0x0000016ae6f17e88 code [0x0000016ae6f17f80, 0x0000016ae6f180a0]

GC Heap Usage History (0 events):
No events

Metaspace Usage History (0 events):
No events

Dll operation events (7 events):
Event: 0.022 Loaded shared library C:\Program Files\Apache NetBeans\jdk\bin\java.dll
Event: 1.355 Loaded shared library C:\Program Files\Apache NetBeans\jdk\bin\net.dll
Event: 1.360 Loaded shared library C:\Program Files\Apache NetBeans\jdk\bin\nio.dll
Event: 1.384 Loaded shared library C:\Program Files\Apache NetBeans\jdk\bin\zip.dll
Event: 1.757 Loaded shared library C:\Program Files\Apache NetBeans\java\maven\lib\jansi-native\Windows\x86_64\jansi.dll
Event: 1.760 Loaded shared library C:\Program Files\Apache NetBeans\jdk\bin\jimage.dll
Event: 1.784 Loaded shared library C:\Program Files\Apache NetBeans\jdk\bin\verify.dll

Deoptimization events (20 events):
Event: 2.109 Thread 0x0000016adbf01480 Uncommon trap: trap_request=0xffffff45 fr.pc=0x0000016aee84c664 relative=0x0000000000000064
Event: 2.109 Thread 0x0000016adbf01480 Uncommon trap: reason=unstable_if action=reinterpret pc=0x0000016aee84c664 method=java.lang.AbstractStringBuilder.needsNewBuffer([BBIB)Z @ 8 c2
Event: 2.109 Thread 0x0000016adbf01480 DEOPT PACKING pc=0x0000016aee84c664 sp=0x00000063acbfe2d0
Event: 2.109 Thread 0x0000016adbf01480 DEOPT UNPACKING pc=0x0000016aee3ccd82 sp=0x00000063acbfe258 mode 2
Event: 2.147 Thread 0x0000016adbf01480 DEOPT PACKING pc=0x0000016ae6daa2d8 sp=0x00000063acbfd650
Event: 2.147 Thread 0x0000016adbf01480 DEOPT UNPACKING pc=0x0000016aee301702 sp=0x00000063acbfcae0 mode 0
Event: 2.180 Thread 0x0000016adbf01480 DEOPT PACKING pc=0x0000016ae6dbd1f8 sp=0x00000063acbfdf60
Event: 2.180 Thread 0x0000016adbf01480 DEOPT UNPACKING pc=0x0000016aee301702 sp=0x00000063acbfd3e8 mode 0
Event: 2.542 Thread 0x0000016adbf01480 Uncommon trap: trap_request=0xffffffde fr.pc=0x0000016aee88549c relative=0x000000000000051c
Event: 2.542 Thread 0x0000016adbf01480 Uncommon trap: reason=class_check action=maybe_recompile pc=0x0000016aee88549c method=java.util.HashMap.putVal(ILjava/lang/Object;Ljava/lang/Object;ZZ)Ljava/lang/Object; @ 253 c2
Event: 2.542 Thread 0x0000016adbf01480 DEOPT PACKING pc=0x0000016aee88549c sp=0x00000063acbfc0d0
Event: 2.542 Thread 0x0000016adbf01480 DEOPT UNPACKING pc=0x0000016aee3ccd82 sp=0x00000063acbfc030 mode 2
Event: 2.563 Thread 0x0000016adbf01480 Uncommon trap: trap_request=0xffffffde fr.pc=0x0000016aee88549c relative=0x000000000000051c
Event: 2.563 Thread 0x0000016adbf01480 Uncommon trap: reason=class_check action=maybe_recompile pc=0x0000016aee88549c method=java.util.HashMap.putVal(ILjava/lang/Object;Ljava/lang/Object;ZZ)Ljava/lang/Object; @ 253 c2
Event: 2.563 Thread 0x0000016adbf01480 DEOPT PACKING pc=0x0000016aee88549c sp=0x00000063acbfc790
Event: 2.563 Thread 0x0000016adbf01480 DEOPT UNPACKING pc=0x0000016aee3ccd82 sp=0x00000063acbfc6f0 mode 2
Event: 2.579 Thread 0x0000016adbf01480 Uncommon trap: trap_request=0xffffffde fr.pc=0x0000016aee88549c relative=0x000000000000051c
Event: 2.579 Thread 0x0000016adbf01480 Uncommon trap: reason=class_check action=maybe_recompile pc=0x0000016aee88549c method=java.util.HashMap.putVal(ILjava/lang/Object;Ljava/lang/Object;ZZ)Ljava/lang/Object; @ 253 c2
Event: 2.579 Thread 0x0000016adbf01480 DEOPT PACKING pc=0x0000016aee88549c sp=0x00000063acbfce30
Event: 2.579 Thread 0x0000016adbf01480 DEOPT UNPACKING pc=0x0000016aee3ccd82 sp=0x00000063acbfcd90 mode 2

Classes loaded (20 events):
Event: 2.565 Loading class java/lang/reflect/UndeclaredThrowableException
Event: 2.565 Loading class java/lang/reflect/UndeclaredThrowableException done
Event: 2.571 Loading class java/lang/annotation/Target
Event: 2.571 Loading class java/lang/annotation/Target done
Event: 2.571 Loading class java/lang/annotation/ElementType
Event: 2.571 Loading class java/lang/annotation/ElementType done
Event: 2.571 Loading class java/lang/annotation/Documented
Event: 2.571 Loading class java/lang/annotation/Documented done
Event: 3.592 Loading class java/util/concurrent/TimeoutException
Event: 3.593 Loading class java/util/concurrent/TimeoutException done
Event: 3.596 Loading class java/util/concurrent/Executor
Event: 3.597 Loading class java/util/concurrent/Executor done
Event: 3.597 Loading class java/util/concurrent/CancellationException
Event: 3.597 Loading class java/util/concurrent/CancellationException done
Event: 3.611 Loading class java/lang/reflect/ParameterizedType
Event: 3.611 Loading class java/lang/reflect/ParameterizedType done
Event: 3.616 Loading class java/lang/reflect/WildcardType
Event: 3.616 Loading class java/lang/reflect/WildcardType done
Event: 3.624 Loading class sun/reflect/generics/tree/TypeVariableSignature
Event: 3.624 Loading class sun/reflect/generics/tree/TypeVariableSignature done

Classes unloaded (0 events):
No events

Classes redefined (0 events):
No events

Internal exceptions (20 events):
Event: 1.766 Thread 0x0000016adbf01480 Exception <a 'java/lang/NullPointerException'{0x0000000092f1fbb0}> (0x0000000092f1fbb0) 
thrown [s\src\hotspot\share\interpreter\linkResolver.cpp, line 1416]
Event: 1.766 Thread 0x0000016adbf01480 Exception <a 'java/lang/NullPointerException'{0x0000000092f1fe90}> (0x0000000092f1fe90) 
thrown [s\src\hotspot\share\interpreter\linkResolver.cpp, line 1416]
Event: 1.766 Thread 0x0000016adbf01480 Exception <a 'java/lang/NullPointerException'{0x0000000092f20170}> (0x0000000092f20170) 
thrown [s\src\hotspot\share\interpreter\linkResolver.cpp, line 1416]
Event: 1.779 Thread 0x0000016adbf01480 Exception <a 'sun/nio/fs/WindowsException'{0x0000000092f41a00}> (0x0000000092f41a00) 
thrown [s\src\hotspot\share\prims\jni.cpp, line 516]
Event: 1.781 Thread 0x0000016adbf01480 Exception <a 'sun/nio/fs/WindowsException'{0x0000000092f420b8}> (0x0000000092f420b8) 
thrown [s\src\hotspot\share\prims\jni.cpp, line 516]
Event: 1.781 Thread 0x0000016adbf01480 Exception <a 'sun/nio/fs/WindowsException'{0x0000000092f42618}> (0x0000000092f42618) 
thrown [s\src\hotspot\share\prims\jni.cpp, line 516]
Event: 1.781 Thread 0x0000016adbf01480 Exception <a 'sun/nio/fs/WindowsException'{0x0000000092f42b58}> (0x0000000092f42b58) 
thrown [s\src\hotspot\share\prims\jni.cpp, line 516]
Event: 1.781 Thread 0x0000016adbf01480 Exception <a 'sun/nio/fs/WindowsException'{0x0000000092f43048}> (0x0000000092f43048) 
thrown [s\src\hotspot\share\prims\jni.cpp, line 516]
Event: 1.781 Thread 0x0000016adbf01480 Exception <a 'sun/nio/fs/WindowsException'{0x0000000092f434f0}> (0x0000000092f434f0) 
thrown [s\src\hotspot\share\prims\jni.cpp, line 516]
Event: 1.799 Thread 0x0000016adbf01480 Exception <a 'java/lang/NoSuchMethodError'{0x0000000092f7b8c0}: 'void java.lang.invoke.DirectMethodHandle$Holder.invokeVirtual(java.lang.Object, java.lang.Object)'> (0x0000000092f7b8c0) 
thrown [s\src\hotspot\share\interpreter\linkResolver.cpp, line 804]
Event: 1.806 Thread 0x0000016adbf01480 Exception <a 'java/lang/NoSuchMethodError'{0x0000000092f9da18}: 'void java.lang.invoke.DirectMethodHandle$Holder.invokeStatic(java.lang.Object, java.lang.Object)'> (0x0000000092f9da18) 
thrown [s\src\hotspot\share\interpreter\linkResolver.cpp, line 804]
Event: 1.807 Thread 0x0000016adbf01480 Exception <a 'java/lang/NoSuchMethodError'{0x0000000092fa57c0}: 'void java.lang.invoke.DirectMethodHandle$Holder.invokeStaticInit(java.lang.Object, java.lang.Object)'> (0x0000000092fa57c0) 
thrown [s\src\hotspot\share\interpreter\linkResolver.cpp, line 804]
Event: 1.826 Thread 0x0000016adbf01480 Exception <a 'java/lang/NoSuchMethodError'{0x0000000092fdca28}: 'void java.lang.invoke.DirectMethodHandle$Holder.invokeSpecial(java.lang.Object, java.lang.Object, java.lang.Object, java.lang.Object, java.lang.Object)'> (0x0000000092fdca28) 
thrown [s\src\hotspot\share\interpreter\linkResolver.cpp, line 804]
Event: 1.848 Thread 0x0000016adbf01480 Exception <a 'java/lang/NoSuchMethodError'{0x0000000092e19f90}: 'void java.lang.invoke.DirectMethodHandle$Holder.invokeStatic(java.lang.Object, java.lang.Object, java.lang.Object)'> (0x0000000092e19f90) 
thrown [s\src\hotspot\share\interpreter\linkResolver.cpp, line 804]
Event: 1.963 Thread 0x0000016adbf01480 Exception <a 'java/lang/NoSuchMethodError'{0x0000000092d983e8}: 'java.lang.Object java.lang.invoke.DirectMethodHandle$Holder.invokeSpecialIFC(java.lang.Object, java.lang.Object, java.lang.Object, java.lang.Object)'> (0x0000000092d983e8) 
thrown [s\src\hotspot\share\interpreter\linkResolver.cpp, line 804]
Event: 2.340 Thread 0x0000016adbf01480 Exception <a 'java/lang/NoSuchMethodError'{0x00000000928c1298}: 'void java.lang.invoke.DirectMethodHandle$Holder.invokeSpecial(java.lang.Object, java.lang.Object, java.lang.Object)'> (0x00000000928c1298) 
thrown [s\src\hotspot\share\interpreter\linkResolver.cpp, line 804]
Event: 2.412 Thread 0x0000016adbf01480 Exception <a 'java/lang/NoSuchMethodError'{0x00000000927db1d8}: 'java.lang.Object java.lang.invoke.DirectMethodHandle$Holder.invokeInterface(java.lang.Object, java.lang.Object)'> (0x00000000927db1d8) 
thrown [s\src\hotspot\share\interpreter\linkResolver.cpp, line 804]
Event: 2.446 Thread 0x0000016adbf01480 Exception <a 'java/lang/NoSuchMethodError'{0x0000000092687180}: 'int java.lang.invoke.DirectMethodHandle$Holder.invokeStatic(java.lang.Object, java.lang.Object, java.lang.Object, java.lang.Object)'> (0x0000000092687180) 
thrown [s\src\hotspot\share\interpreter\linkResolver.cpp, line 804]
Event: 2.457 Thread 0x0000016adbf01480 Exception <a 'java/lang/NoSuchMethodError'{0x00000000926b0f68}: 'int java.lang.invoke.DirectMethodHandle$Holder.invokeSpecialIFC(java.lang.Object, java.lang.Object, java.lang.Object, java.lang.Object, java.lang.Object)'> (0x00000000926b0f68) 
thrown [s\src\hotspot\share\interpreter\linkResolver.cpp, line 804]
Event: 2.573 Thread 0x0000016adbf01480 Exception <a 'java/lang/NoSuchMethodError'{0x000000009247def0}: 'java.lang.Object java.lang.invoke.DirectMethodHandle$Holder.newInvokeSpecial(java.lang.Object, java.lang.Object, java.lang.Object, java.lang.Object, java.lang.Object)'> (0x000000009247def0) 
thrown [s\src\hotspot\share\interpreter\linkResolver.cpp, line 804]

VM Operations (6 events):
Event: 1.389 Executing non-safepoint VM operation: HandshakeAllThreads (Deoptimize)
Event: 1.389 Executing non-safepoint VM operation: HandshakeAllThreads (Deoptimize) done
Event: 1.742 Executing non-safepoint VM operation: HandshakeAllThreads (Deoptimize)
Event: 1.742 Executing non-safepoint VM operation: HandshakeAllThreads (Deoptimize) done
Event: 1.778 Executing non-safepoint VM operation: HandshakeAllThreads (Deoptimize)
Event: 1.778 Executing non-safepoint VM operation: HandshakeAllThreads (Deoptimize) done

Memory protections (0 events):
No events

Nmethod flushes (0 events):
No events

Events (13 events):
Event: 1.142 Thread 0x0000016adbf01480 Thread added: 0x0000016adbf01480
Event: 1.239 Thread 0x0000016adbf01480 Thread added: 0x0000016afad29cb0
Event: 1.240 Thread 0x0000016adbf01480 Thread added: 0x0000016afad2c880
Event: 1.242 Thread 0x0000016adbf01480 Thread added: 0x0000016afad36ec0
Event: 1.242 Thread 0x0000016adbf01480 Thread added: 0x0000016afad37a80
Event: 1.242 Thread 0x0000016adbf01480 Thread added: 0x0000016afad3a650
Event: 1.242 Thread 0x0000016adbf01480 Thread added: 0x0000016afad35ab0
Event: 1.242 Thread 0x0000016adbf01480 Thread added: 0x0000016afad3f560
Event: 1.243 Thread 0x0000016adbf01480 Thread added: 0x0000016afad57a70
Event: 1.314 Thread 0x0000016adbf01480 Thread added: 0x0000016aff16a0a0
Event: 1.329 Thread 0x0000016adbf01480 Thread added: 0x0000016aff174be0
Event: 1.749 Thread 0x0000016adbf01480 Thread added: 0x0000016aff68aa60
Event: 1.816 Thread 0x0000016aff68aa60 Thread exited: 0x0000016aff68aa60


Dynamic libraries:
0x00007ff6d1040000 - 0x00007ff6d104e000 	C:\Program Files\Apache NetBeans\jdk\bin\java.exe
0x00007ff8d5760000 - 0x00007ff8d59c7000 	C:\WINDOWS\SYSTEM32\ntdll.dll
0x00007ff8d4830000 - 0x00007ff8d48f9000 	C:\WINDOWS\System32\KERNEL32.DLL
0x00007ff8d2db0000 - 0x00007ff8d31a7000 	C:\WINDOWS\System32\KERNELBASE.dll
0x00007ff8d31b0000 - 0x00007ff8d32fb000 	C:\WINDOWS\System32\ucrtbase.dll
0x00007ff89c320000 - 0x00007ff89c336000 	C:\Program Files\Apache NetBeans\jdk\bin\jli.dll
0x00007ff8ba2c0000 - 0x00007ff8ba2de000 	C:\Program Files\Apache NetBeans\jdk\bin\VCRUNTIME140.dll
0x00007ff8d4a10000 - 0x00007ff8d4bd6000 	C:\WINDOWS\System32\USER32.dll
0x00007ff8d2510000 - 0x00007ff8d2537000 	C:\WINDOWS\System32\win32u.dll
0x00007ff8d3d40000 - 0x00007ff8d3d6b000 	C:\WINDOWS\System32\GDI32.dll
0x00007ff8b8350000 - 0x00007ff8b85e2000 	C:\WINDOWS\WinSxS\amd64_microsoft.windows.common-controls_6595b64144ccf1df_6.0.26100.8457_none_3e0b2faee331e92d\COMCTL32.dll
0x00007ff8d33b0000 - 0x00007ff8d34dc000 	C:\WINDOWS\System32\gdi32full.dll
0x00007ff8d3570000 - 0x00007ff8d3619000 	C:\WINDOWS\System32\msvcrt.dll
0x00007ff8d2250000 - 0x00007ff8d22f3000 	C:\WINDOWS\System32\msvcp_win.dll
0x00007ff8d47f0000 - 0x00007ff8d4822000 	C:\WINDOWS\System32\IMM32.DLL
0x00007ff8cb470000 - 0x00007ff8cb47c000 	C:\Program Files\Apache NetBeans\jdk\bin\vcruntime140_1.dll
0x00007ff87a3f0000 - 0x00007ff87a47d000 	C:\Program Files\Apache NetBeans\jdk\bin\msvcp140.dll
0x00007fffe36b0000 - 0x00007fffe45d6000 	C:\Program Files\Apache NetBeans\jdk\bin\server\jvm.dll
0x00007ff8d44c0000 - 0x00007ff8d4576000 	C:\WINDOWS\System32\ADVAPI32.dll
0x00007ff8d54e0000 - 0x00007ff8d5587000 	C:\WINDOWS\System32\sechost.dll
0x00007ff8d3c20000 - 0x00007ff8d3d38000 	C:\WINDOWS\System32\RPCRT4.dll
0x00007ff8d5450000 - 0x00007ff8d54d0000 	C:\WINDOWS\System32\WS2_32.dll
0x00007ff8d1ff0000 - 0x00007ff8d204e000 	C:\WINDOWS\SYSTEM32\POWRPROF.dll
0x00007ff8c8800000 - 0x00007ff8c8836000 	C:\WINDOWS\SYSTEM32\WINMM.dll
0x00007ff8c3900000 - 0x00007ff8c390b000 	C:\WINDOWS\SYSTEM32\VERSION.dll
0x00007ff8d1fd0000 - 0x00007ff8d1fe4000 	C:\WINDOWS\SYSTEM32\UMPDC.dll
0x00007ff8d0f20000 - 0x00007ff8d0f3b000 	C:\WINDOWS\SYSTEM32\kernel.appcore.dll
0x00007ff8cb190000 - 0x00007ff8cb19a000 	C:\Program Files\Apache NetBeans\jdk\bin\jimage.dll
0x00007ff8c3f50000 - 0x00007ff8c4192000 	C:\WINDOWS\SYSTEM32\DBGHELP.DLL
0x00007ff8d3650000 - 0x00007ff8d39d3000 	C:\WINDOWS\System32\combase.dll
0x00007ff8d4710000 - 0x00007ff8d47e9000 	C:\WINDOWS\System32\OLEAUT32.dll
0x00007ff8b56f0000 - 0x00007ff8b572b000 	C:\WINDOWS\SYSTEM32\dbgcore.DLL
0x00007ff8d3300000 - 0x00007ff8d33a8000 	C:\WINDOWS\System32\bcryptPrimitives.dll
0x00007ff8a49e0000 - 0x00007ff8a49fe000 	C:\Program Files\Apache NetBeans\jdk\bin\java.dll
0x00007ff8d4320000 - 0x00007ff8d44b7000 	C:\WINDOWS\System32\ole32.dll
0x00007ff8d4be0000 - 0x00007ff8d534e000 	C:\WINDOWS\System32\SHELL32.dll
0x00007ff8d2540000 - 0x00007ff8d2dac000 	C:\WINDOWS\System32\windows.storage.dll
0x00007ff8d4900000 - 0x00007ff8d49f6000 	C:\WINDOWS\System32\SHCORE.dll
0x00007ff8d53e0000 - 0x00007ff8d5446000 	C:\WINDOWS\System32\shlwapi.dll
0x00007ff8d20b0000 - 0x00007ff8d20d9000 	C:\WINDOWS\SYSTEM32\profapi.dll
0x00007ff89a050000 - 0x00007ff89a061000 	C:\Program Files\Apache NetBeans\jdk\bin\net.dll
0x00007ff8d1490000 - 0x00007ff8d14fc000 	C:\WINDOWS\system32\mswsock.dll
0x00007ff899650000 - 0x00007ff899666000 	C:\Program Files\Apache NetBeans\jdk\bin\nio.dll
0x00007ff89c2d0000 - 0x00007ff89c2e7000 	C:\Program Files\Apache NetBeans\jdk\bin\zip.dll
0x00007ff8bf460000 - 0x00007ff8bf484000 	C:\Program Files\Apache NetBeans\java\maven\lib\jansi-native\Windows\x86_64\jansi.dll
0x00007ff8b86b0000 - 0x00007ff8b86c0000 	C:\Program Files\Apache NetBeans\jdk\bin\verify.dll

JVMTI agents: none

dbghelp: loaded successfully - version: 4.0.5 - missing functions: none
symbol engine: initialized successfully - sym options: 0x614 - pdb path: .;C:\Program Files\Apache NetBeans\jdk\bin;C:\WINDOWS\SYSTEM32;C:\WINDOWS\WinSxS\amd64_microsoft.windows.common-controls_6595b64144ccf1df_6.0.26100.8457_none_3e0b2faee331e92d;C:\Program Files\Apache NetBeans\jdk\bin\server;C:\Program Files\Apache NetBeans\java\maven\lib\jansi-native\Windows\x86_64

VM Arguments:
jvm_args: --enable-native-access=ALL-UNNAMED -Dclassworlds.conf=C:\Program Files\Apache NetBeans\java\maven\bin\m2.conf -Dmaven.home=C:\Program Files\Apache NetBeans\java\maven -Dlibrary.jansi.path=C:\Program Files\Apache NetBeans\java\maven\lib\jansi-native -Dmaven.multiModuleProjectDirectory=C:\Users\mario\Desktop\EXAMEN\CRUDROBLOX 
java_command: org.codehaus.plexus.classworlds.launcher.Launcher -Dexec.vmArgs= -Dexec.args=${exec.vmArgs} -classpath %classpath ${exec.mainClass} ${exec.appArgs} -Dexec.appArgs= -Dexec.mainClass=CRUDSQL.CRUDSQL -Dexec.executable=C:\Program Files\Apache NetBeans\jdk\bin\java.exe -Dmaven.ext.class.path=C:\Program Files\Apache NetBeans\java\maven-nblib\netbeans-eventspy.jar --no-transfer-progress process-classes org.codehaus.mojo:exec-maven-plugin:3.5.1:exec
java_class_path (initial): C:\Program Files\Apache NetBeans\java\maven\boot\plexus-classworlds-2.9.0.jar
Launcher Type: SUN_STANDARD

[Global flags]
     intx CICompilerCount                          = 4                                         {product} {ergonomic}
     uint ConcGCThreads                            = 2                                         {product} {ergonomic}
     uint G1ConcRefinementThreads                  = 8                                         {product} {ergonomic}
   size_t G1HeapRegionSize                         = 1048576                                   {product} {ergonomic}
   size_t InitialHeapSize                          = 121634816                                 {product} {ergonomic}
   size_t MarkStackSize                            = 4194304                                   {product} {ergonomic}
   size_t MarkStackSizeMax                         = 536870912                                 {product} {ergonomic}
   size_t MaxHeapSize                              = 1944059904                                {product} {ergonomic}
   size_t MaxNewSize                               = 1166016512                                {product} {ergonomic}
   size_t MinHeapDeltaBytes                        = 1048576                                   {product} {ergonomic}
   size_t MinHeapSize                              = 8388608                                   {product} {ergonomic}
    uintx NonNMethodCodeHeapSize                   = 5832704                                {pd product} {ergonomic}
    uintx NonProfiledCodeHeapSize                  = 122945536                              {pd product} {ergonomic}
    uintx ProfiledCodeHeapSize                     = 122880000                              {pd product} {ergonomic}
    uintx ReservedCodeCacheSize                    = 251658240                              {pd product} {ergonomic}
     bool SegmentedCodeCache                       = true                                      {product} {ergonomic}
   size_t SoftMaxHeapSize                          = 1944059904                             {manageable} {ergonomic}
     bool UseCompressedOops                        = true                           {product lp64_product} {ergonomic}
     bool UseG1GC                                  = true                                      {product} {ergonomic}
     bool UseLargePagesIndividualAllocation        = false                                  {pd product} {ergonomic}

Logging:
Log output configuration:
 #0: stdout all=warning uptime,level,tags foldmultilines=false
 #1: stderr all=off uptime,level,tags foldmultilines=false

Release file:
IMPLEMENTOR="Eclipse Adoptium" 
IMPLEMENTOR_VERSION="Temurin-25.0.2+10" 
JAVA_RUNTIME_VERSION="25.0.2+10-LTS" 
JAVA_VERSION="25.0.2" 
JAVA_VERSION_DATE="2026-01-20" 
LIBC="default" 
MODULES="java.base java.compiler java.datatransfer java.xml java.prefs java.desktop java.instrument java.logging java.management java.security.sasl java.naming java.rmi java.management.rmi java.net.http java.scripting java.security.jgss java.transaction.xa java.sql java.sql.rowset java.xml.crypto java.se java.smartcardio jdk.accessibility jdk.internal.jvmstat jdk.attach jdk.charsets jdk.internal.opt jdk.zipfs jdk.compiler jdk.crypto.cryptoki jdk.crypto.ec jdk.crypto.mscapi jdk.dynalink jdk.internal.ed jdk.editpad jdk.internal.vm.ci jdk.graal.compiler jdk.graal.compiler.management jdk.hotspot.agent jdk.httpserver jdk.incubator.vector jdk.internal.le jdk.internal.md jdk.jartool jdk.javadoc jdk.jcmd jdk.management jdk.management.agent jdk.jconsole jdk.jdeps jdk.jdwp.agent jdk.jdi jdk.jfr jdk.jlink jdk.jpackage jdk.jshell jdk.jsobject jdk.jstatd jdk.localedata jdk.management.jfr jdk.naming.dns jdk.naming.rmi jdk.net jdk.nio.mapmode jdk.sctp jdk.security.auth jdk.security.jgss jdk.unsupported jdk.unsupported.desktop jdk.xml.dom" 
OS_ARCH="x86_64" 
OS_NAME="Windows" 
SOURCE=".:git:9e3c947043a4" 
BUILD_SOURCE="git:458965074606f027bd5afce2cfd5c1055dea0438"
BUILD_SOURCE_REPO="https://github.com/adoptium/temurin-build.git"
SOURCE_REPO="https://github.com/adoptium/jdk25u.git"
FULL_VERSION="25.0.2+10-LTS"
SEMANTIC_VERSION="25.0.2+10"
BUILD_INFO="OS: Windows Server 2022 Version: 10.0"
JVM_VARIANT="Hotspot"
JVM_VERSION="25.0.2+10-LTS"
IMAGE_TYPE="JDK"

Environment Variables:
JAVA_HOME=C:\Program Files\Apache NetBeans\jdk
PATH=C:\Program Files\Common Files\Oracle\Java\javapath;C:\windows\system32;C:\windows;C:\windows\System32\Wbem;C:\windows\System32\WindowsPowerShell\v1.0\;C:\windows\System32\OpenSSH\;C:\Program Files\platform-tools;C:\Program Files\MiKTeX\miktex\bin\x64\;C:\WINDOWS\system32;C:\WINDOWS;C:\WINDOWS\System32\Wbem;C:\WINDOWS\System32\WindowsPowerShell\v1.0\;C:\WINDOWS\System32\OpenSSH\;C:\Program Files\Git\cmd;C:\Program Files\MySQL\MySQL Shell 8.0\bin\;C:\Users\mario\AppData\Local\Microsoft\WindowsApps;C:\Users\mario\AppData\Local\Programs\MiKTeX\miktex\bin\x64\;C:\Users\mario\AppData\Local\Python\bin;C:\Program Files\Apache NetBeans\bin\
USERNAME=mario
OS=Windows_NT
PROCESSOR_IDENTIFIER=AMD64 Family 23 Model 160 Stepping 0, AuthenticAMD
TMP=C:\Users\mario\AppData\Local\Temp
TEMP=C:\Users\mario\AppData\Local\Temp




Compilation memory statistics disabled.

Periodic native trim disabled

---------------  S Y S T E M  ---------------

OS:
 Windows 11 , 64 bit Build 26100 (10.0.26100.8328)
OS uptime: 24 days 7:52 hours
Hyper-V role detected

CPU: total 8 (initial active 8) (8 cores per cpu, 2 threads per core) family 23 model 160 stepping 0 microcode 0x8a0000b, cx8, cmov, fxsr, ht, mmx, 3dnowpref, sse, sse2, sse3, ssse3, sse4a, sse4.1, sse4.2, popcnt, lzcnt, tsc, tscinvbit, avx, avx2, aes, clmul, bmi1, bmi2, adx, sha, fma, vzeroupper, clflush, clflushopt, clwb, hv, rdtscp, rdpid, f16c
Processor Information for the first 8 processors :
  Max Mhz: 2801, Current Mhz: 2801, Mhz Limit: 2801

Memory: 4k page, system-wide physical 7412M (507M free)
TotalPageFile size 29940M (AvailPageFile size 3M)
current process WorkingSet (physical memory assigned to process): 72M, peak: 72M
current process commit charge ("private bytes"): 211M, peak: 212M

vm_info: OpenJDK 64-Bit Server VM (25.0.2+10-LTS) for windows-amd64 JRE (25.0.2+10-LTS), built on 2026-01-20T00:00:00Z with MS VC++ 17.12 (VS2022)

END.
